<?xml version="1.0" encoding="UTF-8"?>
<!-- Generated by org.testng.reporters.JUnitXMLReporter -->
<testsuite ignored="0" hostname="LAPTOP-9FGT47P4" failures="3" tests="8" name="Test" time="464.581" errors="0" timestamp="2022-11-02T21:50:32 IST">
  <testcase classname="testclasses.VerifySSC_CGL_TestSeriesFunctionality" name="Verify_SSC_CGL_TestSeriesButton" time="30.31"/>
  <testcase classname="testclasses.VerifySSC_CGL_TestSeriesFunctionality" name="VerifyUserAbleToBuySSC_CGL_MockTestSeriesPack" time="35.323">
    <failure type="java.lang.AssertionError" message="null">
      <![CDATA[java.lang.AssertionError: null
at testclasses.VerifySSC_CGL_TestSeriesFunctionality.VerifyUserAbleToBuySSC_CGL_MockTestSeriesPack(VerifySSC_CGL_TestSeriesFunctionality.java:116)
at java.base/java.util.ArrayList.forEach(ArrayList.java:1511)
... Removed 27 stack frames]]>
    </failure>
  </testcase> <!-- VerifyUserAbleToBuySSC_CGL_MockTestSeriesPack -->
  <testcase classname="testclasses.VerifySubCategoryLinksOnSSC_CGL_CoursePage_testNG" name="Verify_SSC_CGL_TestSeriesButton" time="18.184">
    <failure type="java.lang.AssertionError" message="expected [SSC CGL Mock Test | Avail SSC CGL Test series and prepare online.] but found [Adda247 - India’s No.1 Government Job Preparation platform]">
      <![CDATA[java.lang.AssertionError: expected [SSC CGL Mock Test | Avail SSC CGL Test series and prepare online.] but found [Adda247 - India’s No.1 Government Job Preparation platform]
at testclasses.VerifySubCategoryLinksOnSSC_CGL_CoursePage_testNG.Verify_SSC_CGL_TestSeriesButton(VerifySubCategoryLinksOnSSC_CGL_CoursePage_testNG.java:117)
at java.base/java.util.ArrayList.forEach(ArrayList.java:1511)
... Removed 31 stack frames]]>
    </failure>
  </testcase> <!-- Verify_SSC_CGL_TestSeriesButton -->
  <testcase classname="testclasses.VerifySubCategoryLinksOnSSC_CGL_CoursePage_testNG" name="Verify_SSC_CGL_TestSeriesButton" time="14.072"/>
  <testcase classname="testclasses.VerifySubCategoryLinksOnSSC_CGL_CoursePage_testNG" name="Verify_SSC_CGL_VideoCoursesButton" time="0.268">
    <failure type="java.lang.AssertionError" message="null">
      <![CDATA[java.lang.AssertionError: null
at testclasses.VerifySubCategoryLinksOnSSC_CGL_CoursePage_testNG.Verify_SSC_CGL_VideoCoursesButton(VerifySubCategoryLinksOnSSC_CGL_CoursePage_testNG.java:127)
at java.base/java.util.ArrayList.forEach(ArrayList.java:1511)
... Removed 27 stack frames]]>
    </failure>
  </testcase> <!-- Verify_SSC_CGL_VideoCoursesButton -->
  <testcase classname="testclasses.VerifySubCategoryLinksOnSSC_CGL_CoursePage_testNG" name="Verify_SSC_CGL_OnlineLiveClassesButton" time="3.641"/>
  <testcase classname="testclasses.VerifySubCategoryLinksOnSSC_CGL_CoursePage_testNG" name="Verify_SSC_CGL_ebooksButton" time="0.0">
    <skipped/>
  </testcase> <!-- Verify_SSC_CGL_ebooksButton -->
  <testcase classname="testclasses.VerifySubCategoryLinksOnSSC_CGL_CoursePage_testNG" name="Verify_SSC_CGL_BooksButton" time="4.16"/>
</testsuite> <!-- Test -->
